<?xml version="1.0" encoding="UTF-8"?>
<!-- Generated by org.testng.reporters.JUnitReportReporter -->
<testsuite hostname="LAPTOP-QF81K9RI" failures="0" tests="1" name="com.Mou.Frame.TestRunner.testRunner_Class" time="133.883" errors="0" timestamp="2022-07-16T23:15:13 CDT" skipped="0">
  <testcase classname="com.Mou.Frame.TestRunner.testRunner_Class" name="feature" time="133.883"/>
  <system-out/>
</testsuite> <!-- com.Mou.Frame.TestRunner.testRunner_Class -->
